****
Tue Dec 24 11:46:00 2013
Module: c:\users\mitmi07.tant-a01\documents\visual studio 2010\projects\bkb32a\bkb32a\tobiirex.cpp
Function: tobiigaze_stop_tracking
Line number: 290
Ошибка Tobii Gaze SDK: 100 (Operation timed out.)
****
Tue Dec 24 11:46:48 2013
Module: c:\users\mitmi07.tant-a01\documents\visual studio 2010\projects\bkb32a\bkb32a\tobiirex.cpp
Function: tobiigaze_stop_tracking
Line number: 290
Ошибка Tobii Gaze SDK: 100 (Operation timed out.)
****
Tue Dec 24 11:47:30 2013
Module: c:\users\mitmi07.tant-a01\documents\visual studio 2010\projects\bkb32a\bkb32a\tobiirex.cpp
Function: tobiigaze_stop_tracking
Line number: 290
Ошибка Tobii Gaze SDK: 100 (Operation timed out.)
****
Tue Dec 24 11:51:03 2013
Module: c:\users\mitmi07.tant-a01\documents\visual studio 2010\projects\bkb32a\bkb32a\tobiirex.cpp
Function: tobiigaze_stop_tracking
Line number: 290
Ошибка Tobii Gaze SDK: 100 (Operation timed out.)
****
Tue Dec 24 11:53:06 2013
Module: c:\users\mitmi07.tant-a01\documents\visual studio 2010\projects\bkb32a\bkb32a\tobiirex.cpp
Function: tobiigaze_stop_tracking
Line number: 290
Ошибка Tobii Gaze SDK: 100 (Operation timed out.)
****
Tue Dec 24 11:57:50 2013
Module: c:\users\mitmi07.tant-a01\documents\visual studio 2010\projects\bkb32a\bkb32a\tobiirex.cpp
Function: tobiigaze_stop_tracking
Line number: 290
Ошибка Tobii Gaze SDK: 100 (Operation timed out.)
****
Tue Dec 24 12:04:54 2013
Module: c:\users\mitmi07.tant-a01\documents\visual studio 2010\projects\bkb32a\bkb32a\tobiirex.cpp
Function: tobiigaze_stop_tracking
Line number: 290
Ошибка Tobii Gaze SDK: 100 (Operation timed out.)
****
Tue Dec 24 12:07:10 2013
Module: c:\users\mitmi07.tant-a01\documents\visual studio 2010\projects\bkb32a\bkb32a\tobiirex.cpp
Function: tobiigaze_stop_tracking
Line number: 290
Ошибка Tobii Gaze SDK: 100 (Operation timed out.)
****
Tue Dec 24 12:28:59 2013
Module: c:\users\mitmi07.tant-a01\documents\visual studio 2010\projects\bkb32a\bkb32a\tobiirex.cpp
Function: tobiigaze_stop_tracking
Line number: 290
Ошибка Tobii Gaze SDK: 100 (Operation timed out.)
****
Tue Dec 24 12:29:20 2013
Module: c:\users\mitmi07.tant-a01\documents\visual studio 2010\projects\bkb32a\bkb32a\tobiirex.cpp
Function: tobiigaze_stop_tracking
Line number: 290
Ошибка Tobii Gaze SDK: 100 (Operation timed out.)
****
Tue Dec 24 17:20:27 2013
Module: c:\users\mitmi07.tant-a01\documents\visual studio 2010\projects\bkb32a\bkb32a\tobiirex.cpp
Function: tobiigaze_stop_tracking
Line number: 290
Ошибка Tobii Gaze SDK: 100 (Operation timed out.)
****
Tue Dec 24 18:09:53 2013
Module: c:\users\mitmi07.tant-a01\documents\visual studio 2010\projects\bkb32a\bkb32a\tobiirex.cpp
Function: tobiigaze_stop_tracking
Line number: 298
Ошибка Tobii Gaze SDK: 100 (Operation timed out.)
****
Wed Dec 25 04:46:31 2013
Module: c:\users\mitmi07.tant-a01\documents\visual studio 2010\projects\bkb32a\bkb32a\tobiirex.cpp
Function: tobiigaze_stop_tracking
Line number: 299
Ошибка Tobii Gaze SDK: 100 (Operation timed out.)
****
Wed Dec 25 04:50:51 2013
Module: c:\users\mitmi07.tant-a01\documents\visual studio 2010\projects\bkb32a\bkb32a\tobiirex.cpp
Function: tobiigaze_stop_tracking
Line number: 299
Ошибка Tobii Gaze SDK: 100 (Operation timed out.)
****
Wed Dec 25 06:43:38 2013
Module: c:\users\mitmi07.tant-a01\documents\visual studio 2010\projects\bkb32a\bkb32a\tobiirex.cpp
Function: tobiigaze_stop_tracking
Line number: 308
Ошибка Tobii Gaze SDK: 100 (Operation timed out.)
****
Wed Dec 25 06:49:46 2013
Module: c:\users\mitmi07.tant-a01\documents\visual studio 2010\projects\bkb32a\bkb32a\tobiirex.cpp
Function: tobiigaze_stop_tracking
Line number: 308
Ошибка Tobii Gaze SDK: 100 (Operation timed out.)
****
Wed Dec 25 06:54:31 2013
Module: c:\users\mitmi07.tant-a01\documents\visual studio 2010\projects\bkb32a\bkb32a\tobiirex.cpp
Function: tobiigaze_stop_tracking
Line number: 308
Ошибка Tobii Gaze SDK: 100 (Operation timed out.)
****
Wed Dec 25 07:00:32 2013
Module: c:\users\mitmi07.tant-a01\documents\visual studio 2010\projects\bkb32a\bkb32a\tobiirex.cpp
Function: tobiigaze_stop_tracking
Line number: 308
Ошибка Tobii Gaze SDK: 100 (Operation timed out.)
****
Wed Dec 25 07:06:31 2013
Module: c:\users\mitmi07.tant-a01\documents\visual studio 2010\projects\bkb32a\bkb32a\tobiirex.cpp
Function: tobiigaze_stop_tracking
Line number: 308
Ошибка Tobii Gaze SDK: 100 (Operation timed out.)
****
Wed Dec 25 08:17:37 2013
Module: c:\users\mitmi07.tant-a01\documents\visual studio 2010\projects\bkb32a\bkb32a\tobiirex.cpp
Function: tobiigaze_stop_tracking
Line number: 319
Ошибка Tobii Gaze SDK: 100 (Operation timed out.)
****
Wed Dec 25 19:36:10 2013
Module: c:\users\mitmi07.tant-a01\documents\visual studio 2010\projects\bkb32a\bkb32a\tobiirex.cpp
Function: tobiigaze_stop_tracking
Line number: 319
Ошибка Tobii Gaze SDK: 100 (Operation timed out.)
****
Fri Dec 27 10:27:59 2013
Module: c:\users\mitmi07.tant-a01\documents\visual studio 2010\projects\bkb32a\bkb32a\tobiirex.cpp
Function: tobiigaze_stop_tracking
Line number: 319
Ошибка Tobii Gaze SDK: 100 (Operation timed out.)
****
Sat Dec 28 11:02:10 2013
Module: c:\users\mitmi07.tant-a01\documents\visual studio 2010\projects\bkb32a\bkb32a\tobiirex.cpp
Function: tobiigaze_stop_tracking
Line number: 319
Ошибка Tobii Gaze SDK: 100 (Operation timed out.)
****
Sat Dec 28 11:59:28 2013
Module: c:\users\mitmi07.tant-a01\documents\visual studio 2010\projects\bkb32a\bkb32a\tobiirex.cpp
Function: tobiigaze_stop_tracking
Line number: 319
Ошибка Tobii Gaze SDK: 100 (Operation timed out.)
****
Sat Dec 28 12:08:31 2013
Module: c:\users\mitmi07.tant-a01\documents\visual studio 2010\projects\bkb32a\bkb32a\tobiirex.cpp
Function: tobiigaze_stop_tracking
Line number: 319
Ошибка Tobii Gaze SDK: 100 (Operation timed out.)
****
Sat Dec 28 12:28:19 2013
Module: c:\users\mitmi07.tant-a01\documents\visual studio 2010\projects\bkb32a\bkb32a\tobiirex.cpp
Function: tobiigaze_stop_tracking
Line number: 291
Ошибка Tobii Gaze SDK: 100 (Operation timed out.)
****
Sat Dec 28 12:32:49 2013
Module: c:\users\mitmi07.tant-a01\documents\visual studio 2010\projects\bkb32a\bkb32a\tobiirex.cpp
Function: tobiigaze_stop_tracking
Line number: 291
Ошибка Tobii Gaze SDK: 100 (Operation timed out.)
****
Sat Feb 01 03:33:04 2014
Module: TobiiREX.cpp
Function: tobiigaze_connect
Line number: 233
Ошибка Tobii Gaze SDK: 202 (Connection to eye tracker failed.)
****
Sat Feb 01 04:08:44 2014
Module: TobiiREX.cpp
Function: tobiigaze_connect
Line number: 234
Ошибка Tobii Gaze SDK: 202 (Connection to eye tracker failed.)
****
Sun Feb 02 06:39:01 2014
Module: c:\users\mitmi07.tant-a01\documents\visual studio 2010\projects\bkb32a\bkb32a\tobiirex.cpp
Function: tobiigaze_connect
Line number: 232
Ошибка Tobii Gaze SDK: 202 (Connection to eye tracker failed.)
****
Sun Feb 02 06:41:04 2014
Module: c:\users\mitmi07.tant-a01\documents\visual studio 2010\projects\bkb32a\bkb32a\tobiirex.cpp
Function: tobiigaze_connect
Line number: 232
Ошибка Tobii Gaze SDK: 202 (Connection to eye tracker failed.)
****
Sun Feb 02 06:41:48 2014
Module: c:\users\mitmi07.tant-a01\documents\visual studio 2010\projects\bkb32a\bkb32a\tobiirex.cpp
Function: tobiigaze_connect
Line number: 232
Ошибка Tobii Gaze SDK: 202 (Connection to eye tracker failed.)
****
Sun Feb 02 06:46:28 2014
Module: c:\users\mitmi07.tant-a01\documents\visual studio 2010\projects\bkb32a\bkb32a\tobiirex.cpp
Function: tobiigaze_connect
Line number: 232
Ошибка Tobii Gaze SDK: 202 (Connection to eye tracker failed.)
****
Sun Feb 02 06:50:01 2014
Module: c:\users\mitmi07.tant-a01\documents\visual studio 2010\projects\bkb32a\bkb32a\tobiirex.cpp
Function: tobiigaze_connect
Line number: 232
Ошибка Tobii Gaze SDK: 202 (Connection to eye tracker failed.)
****
Sun Feb 02 06:55:48 2014
Module: c:\users\mitmi07.tant-a01\documents\visual studio 2010\projects\bkb32a\bkb32a\tobiirex.cpp
Function: tobiigaze_connect
Line number: 232
Ошибка Tobii Gaze SDK: 202 (Connection to eye tracker failed.)
****
Sun Feb 02 07:21:47 2014
Module: c:\users\mitmi07.tant-a01\documents\visual studio 2010\projects\bkb32a\bkb32a\tobiirex.cpp
Function: tobiigaze_connect
Line number: 232
Ошибка Tobii Gaze SDK: 202 (Connection to eye tracker failed.)
****
Sun Feb 02 07:26:34 2014
Module: c:\users\mitmi07.tant-a01\documents\visual studio 2010\projects\bkb32a\bkb32a\tobiirex.cpp
Function: tobiigaze_connect
Line number: 232
Ошибка Tobii Gaze SDK: 202 (Connection to eye tracker failed.)
****
Sun Feb 02 07:27:22 2014
Module: c:\users\mitmi07.tant-a01\documents\visual studio 2010\projects\bkb32a\bkb32a\tobiirex.cpp
Function: tobiigaze_connect
Line number: 232
Ошибка Tobii Gaze SDK: 202 (Connection to eye tracker failed.)
****
Sun Feb 02 07:59:47 2014
Module: c:\users\mitmi07.tant-a01\documents\visual studio 2010\projects\bkb32a\bkb32a\tobiirex.cpp
Function: tobiigaze_connect
Line number: 232
Ошибка Tobii Gaze SDK: 202 (Connection to eye tracker failed.)
****
Sun Feb 02 08:01:17 2014
Module: c:\users\mitmi07.tant-a01\documents\visual studio 2010\projects\bkb32a\bkb32a\tobiirex.cpp
Function: tobiigaze_connect
Line number: 232
Ошибка Tobii Gaze SDK: 202 (Connection to eye tracker failed.)
****
Sun Feb 02 08:03:15 2014
Module: c:\users\mitmi07.tant-a01\documents\visual studio 2010\projects\bkb32a\bkb32a\tobiirex.cpp
Function: tobiigaze_connect
Line number: 232
Ошибка Tobii Gaze SDK: 202 (Connection to eye tracker failed.)
****
Sun Feb 02 08:04:48 2014
Module: c:\users\mitmi07.tant-a01\documents\visual studio 2010\projects\bkb32a\bkb32a\tobiirex.cpp
Function: tobiigaze_connect
Line number: 232
Ошибка Tobii Gaze SDK: 202 (Connection to eye tracker failed.)
****
Sun Feb 02 08:41:19 2014
Module: c:\users\mitmi07.tant-a01\documents\visual studio 2010\projects\bkb32a\bkb32a\tobiirex.cpp
Function: tobiigaze_connect
Line number: 232
Ошибка Tobii Gaze SDK: 202 (Connection to eye tracker failed.)
****
Mon Feb 03 11:15:29 2014
Module: c:\users\mitmi07.tant-a01\documents\visual studio 2010\projects\bkb32a\bkb32a\tobiirex.cpp
Function: tobiigaze_connect
Line number: 235
Ошибка Tobii Gaze SDK: 202 (Connection to eye tracker failed.)
****
Mon Feb 03 11:16:31 2014
Module: c:\users\mitmi07.tant-a01\documents\visual studio 2010\projects\bkb32a\bkb32a\tobiirex.cpp
Function: tobiigaze_connect
Line number: 235
Ошибка Tobii Gaze SDK: 202 (Connection to eye tracker failed.)
****
Mon Feb 03 11:16:36 2014
Module: c:\users\mitmi07.tant-a01\documents\visual studio 2010\projects\bkb32a\bkb32a\tobiirex.cpp
Function: tobiigaze_connect
Line number: 235
Ошибка Tobii Gaze SDK: 202 (Connection to eye tracker failed.)
****
Mon Feb 03 11:16:54 2014
Module: c:\users\mitmi07.tant-a01\documents\visual studio 2010\projects\bkb32a\bkb32a\tobiirex.cpp
Function: tobiigaze_connect
Line number: 235
Ошибка Tobii Gaze SDK: 202 (Connection to eye tracker failed.)
****
Tue Feb 11 22:05:48 2014
Module: TobiiREX.cpp
Function: tobiigaze_connect
Line number: 235
Ошибка Tobii Gaze SDK: 202 (Connection to eye tracker failed.)
****
Tue Feb 11 22:11:25 2014
Module: TobiiREX.cpp
Function: tobiigaze_connect
Line number: 235
Ошибка Tobii Gaze SDK: 202 (Connection to eye tracker failed.)
****
Sun Feb 23 09:52:13 2014
Module: TobiiREX.cpp
Function: tobiigaze_connect
Line number: 235
Ошибка Tobii Gaze SDK: 202 (Connection to eye tracker failed.)
****
Mon Feb 24 11:43:16 2014
Module: TobiiREX.cpp
Function: tobiigaze_connect
Line number: 239
Ошибка Tobii Gaze SDK: 202 (Connection to eye tracker failed.)
****
Mon Feb 24 11:48:53 2014
Module: TobiiREX.cpp
Function: tobiigaze_connect
Line number: 239
Ошибка Tobii Gaze SDK: 202 (Connection to eye tracker failed.)
****
Mon Feb 24 14:03:06 2014
Module: TobiiREX.cpp
Function: tobiigaze_connect
Line number: 312
Ошибка Tobii Gaze SDK: 202 (Connection to eye tracker failed.)
****
Tue Mar 18 17:47:16 2014
Module: c:\users\mitmi07.tant-a01\documents\visual studio 2010\projects\bkb32a\bkb32a\tobiirex.cpp
Function: tobiigaze_connect
Line number: 315
Ошибка Tobii Gaze SDK: 202 (Connection to eye tracker failed.)
****
Tue Mar 18 17:58:33 2014
Module: c:\users\mitmi07.tant-a01\documents\visual studio 2010\projects\bkb32a\bkb32a\tobiirex.cpp
Function: tobiigaze_connect
Line number: 315
Ошибка Tobii Gaze SDK: 202 (Connection to eye tracker failed.)
****
Wed Mar 19 15:33:03 2014
Module: c:\users\mitmi07.tant-a01\documents\visual studio 2010\projects\bkb32a\bkb32a\tobiirex.cpp
Function: tobiigaze_connect
Line number: 315
Ошибка Tobii Gaze SDK: 202 (Connection to eye tracker failed.)
****
Wed Mar 19 15:53:01 2014
Module: c:\users\mitmi07.tant-a01\documents\visual studio 2010\projects\bkb32a\bkb32a\tobiirex.cpp
Function: tobiigaze_connect
Line number: 315
Ошибка Tobii Gaze SDK: 202 (Connection to eye tracker failed.)
****
Wed Mar 19 16:16:26 2014
Module: c:\users\mitmi07.tant-a01\documents\visual studio 2010\projects\bkb32a\bkb32a\tobiirex.cpp
Function: tobiigaze_connect
Line number: 315
Ошибка Tobii Gaze SDK: 202 (Connection to eye tracker failed.)
